<?xml version="1.0" encoding="UTF-8"?>
<testsuite xmlns:xsi="http://www.w3.org/2001/XMLSchema-instance" xsi:noNamespaceSchemaLocation="https://maven.apache.org/surefire/maven-surefire-plugin/xsd/surefire-test-report.xsd" name="AccountTest" time="0.782" tests="10" errors="0" skipped="0" failures="0">
  <properties>
[...]
</properties>
  <testcase name="test[0]" classname="AccountTest" time="0.298"/>
  <testcase name="test[1]" classname="AccountTest" time="0.015"/>
  <testcase name="test[2]" classname="AccountTest" time="0"/>
  <testcase name="test[3]" classname="AccountTest" time="0.015"/>
  <testcase name="test[4]" classname="AccountTest" time="0"/>
  <testcase name="test[5]" classname="AccountTest" time="0"/>
  <testcase name="test[6]" classname="AccountTest" time="0"/>
  <testcase name="test[7]" classname="AccountTest" time="0.016"/>
  <testcase name="test[8]" classname="AccountTest" time="0"/>
  <testcase name="test[9]" classname="AccountTest" time="0"/>
</testsuite>